<?xml version="1.0" encoding="UTF-8"?>
<!-- Generated by org.testng.reporters.JUnitReportReporter -->
<testsuite hostname="SureshBabu" name="orangehrm.tests.OrangeHRMBatchTest" tests="1" failures="0" timestamp="27 Jan 2020 06:18:24 GMT" time="43.408" errors="0">
  <testcase name="batchTest" time="43.408" classname="orangehrm.tests.OrangeHRMBatchTest"/>
</testsuite> <!-- orangehrm.tests.OrangeHRMBatchTest -->
